#
# There is insufficient memory for the Java Runtime Environment to continue.
# Native memory allocation (mmap) failed to map 264241152 bytes for G1 virtual space
# Possible reasons:
#   The system is out of physical RAM or swap space
#   The process is running with CompressedOops enabled, and the Java Heap may be blocking the growth of the native heap
# Possible solutions:
#   Reduce memory load on the system
#   Increase physical memory or swap space
#   Check if swap backing store is full
#   Decrease Java heap size (-Xmx/-Xms)
#   Decrease number of Java threads
#   Decrease Java thread stack sizes (-Xss)
#   Set larger code cache with -XX:ReservedCodeCacheSize=
#   JVM is running with Zero Based Compressed Oops mode in which the Java heap is
#     placed in the first 32GB address space. The Java Heap base address is the
#     maximum limit for the native heap growth. Please use -XX:HeapBaseMinAddress
#     to set the Java Heap base and to place the Java Heap above 32GB virtual address.
# This output file may be truncated or incomplete.
#
#  Out of Memory Error (os_windows.cpp:3603), pid=11476, tid=5652
#
# JRE version:  (21.0.6+8) (build )
# Java VM: Java HotSpot(TM) 64-Bit Server VM (21.0.6+8-LTS-188, mixed mode, sharing, tiered, compressed oops, compressed class ptrs, g1 gc, windows-amd64)
# No core dump will be written. Minidumps are not enabled by default on client versions of Windows
#

---------------  S U M M A R Y ------------

Command Line: -Dfile.encoding=UTF-8 -Dstdout.encoding=UTF-8 -Dstderr.encoding=UTF-8 --module-path=C:\Users\user\git\Jindogae\bin;C:\Users\user\git\Jindogae\lib\log4j-api-2.20.0.jar;C:\Users\user\git\Jindogae\lib\log4j-core-2.20.0.jar -XX:+ShowCodeDetailsInExceptionMessages -Djdk.module.main=JProject JProject/com.pcwk.ehr.cmn.Main

Host: 12th Gen Intel(R) Core(TM) i7-12700, 20 cores, 15G,  Windows 11 , 64 bit Build 22621 (10.0.22621.5124)
Time: Thu Apr 24 16:13:29 2025  Windows 11 , 64 bit Build 22621 (10.0.22621.5124) elapsed time: 0.005678 seconds (0d 0h 0m 0s)

---------------  T H R E A D  ---------------

Current thread (0x000001516a8c0100):  JavaThread "Unknown thread" [_thread_in_vm, id=5652, stack(0x0000000100600000,0x0000000100700000) (1024K)]

Stack: [0x0000000100600000,0x0000000100700000]
Native frames: (J=compiled Java code, j=interpreted, Vv=VM code, C=native code)
V  [jvm.dll+0x6ca6d9]
V  [jvm.dll+0x854f51]
V  [jvm.dll+0x85747e]
V  [jvm.dll+0x857b53]
V  [jvm.dll+0x27dcc6]
V  [jvm.dll+0x6c6e55]
V  [jvm.dll+0x6bb9da]
V  [jvm.dll+0x35393a]
V  [jvm.dll+0x35b596]
V  [jvm.dll+0x3adefe]
V  [jvm.dll+0x3ae1a8]
V  [jvm.dll+0x327cbc]
V  [jvm.dll+0x32881b]
V  [jvm.dll+0x81e309]
V  [jvm.dll+0x3babe1]
V  [jvm.dll+0x807658]
V  [jvm.dll+0x44fdae]
V  [jvm.dll+0x4519a1]
C  [jli.dll+0x52a3]
C  [ucrtbase.dll+0x29333]
C  [KERNEL32.DLL+0x1259d]
C  [ntdll.dll+0x5af38]


---------------  P R O C E S S  ---------------

Threads class SMR info:
_java_thread_list=0x00007ffadcafcc08, length=0, elements={
}

Java Threads: ( => current thread )
Total: 0

Other Threads:
  0x000001516cd94db0 WorkerThread "GC Thread#0"                     [id=13764, stack(0x0000000100700000,0x0000000100800000) (1024K)]
  0x000001516cda58a0 ConcurrentGCThread "G1 Main Marker"            [id=8112, stack(0x0000000100800000,0x0000000100900000) (1024K)]
  0x000001516cda63a0 WorkerThread "G1 Conc#0"                       [id=16360, stack(0x0000000100900000,0x0000000100a00000) (1024K)]

[error occurred during error reporting (printing all threads), id 0xc0000005, EXCEPTION_ACCESS_VIOLATION (0xc0000005) at pc=0x00007ffadc26a427]
VM state: not at safepoint (not fully initialized)

VM Mutex/Monitor currently owned by a thread:  ([mutex/lock_event])
[0x00007ffadcb6df98] Heap_lock - owner thread: 0x000001516a8c0100

Heap address: 0x0000000704e00000, size: 4018 MB, Compressed Oops mode: Zero based, Oop shift amount: 3

CDS archive(s) mapped at: [0x0000000000000000-0x0000000000000000-0x0000000000000000), size 0, SharedBaseAddress: 0x0000000800000000, ArchiveRelocationMode: 1.
Narrow klass base: 0x0000000000000000, Narrow klass shift: 0, Narrow klass range: 0x0

GC Precious Log:
 CardTable entry size: 512
 Card Set container configuration: InlinePtr #cards 4 size 8 Array Of Cards #cards 16 size 48 Howl #buckets 8 coarsen threshold 3686 Howl Bitmap #cards 512 size 80 coarsen threshold 460 Card regions per heap region 1 cards per card region 4096

Heap:
 garbage-first heap   total 0K, used 0K [0x0000000704e00000, 0x0000000800000000)
  region size 2048K, 0 young (0K), 0 survivors (0K)

[error occurred during error reporting (printing heap information), id 0xc0000005, EXCEPTION_ACCESS_VIOLATION (0xc0000005) at pc=0x00007ffadc6536a9]
GC Heap History (0 events):
No events

Dll operation events (1 events):
Event: 0.004 Loaded shared library C:\Program Files\Java\jdk-21\bin\java.dll

Deoptimization events (0 events):
No events

Classes loaded (0 events):
No events

Classes unloaded (0 events):
No events

Classes redefined (0 events):
No events

Internal exceptions (0 events):
No events

ZGC Phase Switch (0 events):
No events

VM Operations (0 events):
No events

Events (0 events):
No events


Dynamic libraries:
0x00007ff6c8660000 - 0x00007ff6c8670000 	C:\Program Files\Java\jdk-21\bin\javaw.exe
0x00007ffb4aa70000 - 0x00007ffb4ac87000 	C:\WINDOWS\SYSTEM32\ntdll.dll
0x00007ffb48e40000 - 0x00007ffb48f04000 	C:\WINDOWS\System32\KERNEL32.DLL
0x00007ffb480a0000 - 0x00007ffb48473000 	C:\WINDOWS\System32\KERNELBASE.dll
0x00007ffb47de0000 - 0x00007ffb47ef1000 	C:\WINDOWS\System32\ucrtbase.dll
0x00007ffb37510000 - 0x00007ffb37529000 	C:\Program Files\Java\jdk-21\bin\jli.dll
0x00007ffb49f20000 - 0x00007ffb49fd1000 	C:\WINDOWS\System32\ADVAPI32.dll
0x00007ffb378a0000 - 0x00007ffb378bb000 	C:\Program Files\Java\jdk-21\bin\VCRUNTIME140.dll
0x00007ffb49c50000 - 0x00007ffb49cf7000 	C:\WINDOWS\System32\msvcrt.dll
0x00007ffb48c70000 - 0x00007ffb48d18000 	C:\WINDOWS\System32\sechost.dll
0x00007ffb48480000 - 0x00007ffb484a8000 	C:\WINDOWS\System32\bcrypt.dll
0x00007ffb49680000 - 0x00007ffb49794000 	C:\WINDOWS\System32\RPCRT4.dll
0x00007ffb49d00000 - 0x00007ffb49eb1000 	C:\WINDOWS\System32\USER32.dll
0x00007ffb47db0000 - 0x00007ffb47dd6000 	C:\WINDOWS\System32\win32u.dll
0x00007ffb4a8f0000 - 0x00007ffb4a919000 	C:\WINDOWS\System32\GDI32.dll
0x00007ffb47f80000 - 0x00007ffb4809b000 	C:\WINDOWS\System32\gdi32full.dll
0x00007ffb48530000 - 0x00007ffb485ca000 	C:\WINDOWS\System32\msvcp_win.dll
0x00007ffb35040000 - 0x00007ffb352d8000 	C:\WINDOWS\WinSxS\amd64_microsoft.windows.common-controls_6595b64144ccf1df_6.0.22621.5124_none_270e8f4f7386d69d\COMCTL32.dll
0x00007ffb41b20000 - 0x00007ffb41b2a000 	C:\WINDOWS\SYSTEM32\VERSION.dll
0x00007ffb48710000 - 0x00007ffb48741000 	C:\WINDOWS\System32\IMM32.DLL
0x00007ffb43f50000 - 0x00007ffb43f5c000 	C:\Program Files\Java\jdk-21\bin\vcruntime140_1.dll
0x00007ffb36540000 - 0x00007ffb365ce000 	C:\Program Files\Java\jdk-21\bin\msvcp140.dll
0x00007ffadbf30000 - 0x00007ffadcc4a000 	C:\Program Files\Java\jdk-21\bin\server\jvm.dll
0x00007ffb48bf0000 - 0x00007ffb48c61000 	C:\WINDOWS\System32\WS2_32.dll
0x00007ffb46a00000 - 0x00007ffb46a4d000 	C:\WINDOWS\SYSTEM32\POWRPROF.dll
0x00007ffb39d80000 - 0x00007ffb39db4000 	C:\WINDOWS\SYSTEM32\WINMM.dll
0x00007ffb469e0000 - 0x00007ffb469f3000 	C:\WINDOWS\SYSTEM32\UMPDC.dll
0x00007ffb46ca0000 - 0x00007ffb46cb8000 	C:\WINDOWS\SYSTEM32\kernel.appcore.dll
0x00007ffb42770000 - 0x00007ffb4277a000 	C:\Program Files\Java\jdk-21\bin\jimage.dll
0x00007ffb356c0000 - 0x00007ffb358f2000 	C:\WINDOWS\SYSTEM32\DBGHELP.DLL
0x00007ffb48770000 - 0x00007ffb48b02000 	C:\WINDOWS\System32\combase.dll
0x00007ffb48b10000 - 0x00007ffb48be7000 	C:\WINDOWS\System32\OLEAUT32.dll
0x00007ffb2b190000 - 0x00007ffb2b1c2000 	C:\WINDOWS\SYSTEM32\dbgcore.DLL
0x00007ffb47f00000 - 0x00007ffb47f7b000 	C:\WINDOWS\System32\bcryptPrimitives.dll
0x00007ffb36520000 - 0x00007ffb3653f000 	C:\Program Files\Java\jdk-21\bin\java.dll

dbghelp: loaded successfully - version: 4.0.5 - missing functions: none
symbol engine: initialized successfully - sym options: 0x614 - pdb path: .;C:\Program Files\Java\jdk-21\bin;C:\WINDOWS\SYSTEM32;C:\WINDOWS\WinSxS\amd64_microsoft.windows.common-controls_6595b64144ccf1df_6.0.22621.5124_none_270e8f4f7386d69d;C:\Program Files\Java\jdk-21\bin\server

VM Arguments:
jvm_args: -Dfile.encoding=UTF-8 -Dstdout.encoding=UTF-8 -Dstderr.encoding=UTF-8 --module-path=C:\Users\user\git\Jindogae\bin;C:\Users\user\git\Jindogae\lib\log4j-api-2.20.0.jar;C:\Users\user\git\Jindogae\lib\log4j-core-2.20.0.jar -XX:+ShowCodeDetailsInExceptionMessages -Djdk.module.main=JProject 
java_command: JProject/com.pcwk.ehr.cmn.Main
java_class_path (initial): <not set>
Launcher Type: SUN_STANDARD

[Global flags]
     intx CICompilerCount                          = 12                                        {product} {ergonomic}
     uint ConcGCThreads                            = 4                                         {product} {ergonomic}
     uint G1ConcRefinementThreads                  = 15                                        {product} {ergonomic}
   size_t G1HeapRegionSize                         = 2097152                                   {product} {ergonomic}
    uintx GCDrainStackTargetSize                   = 64                                        {product} {ergonomic}
   size_t InitialHeapSize                          = 264241152                                 {product} {ergonomic}
   size_t MarkStackSize                            = 4194304                                   {product} {ergonomic}
   size_t MaxHeapSize                              = 4213178368                                {product} {ergonomic}
   size_t MinHeapDeltaBytes                        = 2097152                                   {product} {ergonomic}
   size_t MinHeapSize                              = 8388608                                   {product} {ergonomic}
    uintx NonNMethodCodeHeapSize                   = 7602480                                {pd product} {ergonomic}
    uintx NonProfiledCodeHeapSize                  = 122027880                              {pd product} {ergonomic}
    uintx ProfiledCodeHeapSize                     = 122027880                              {pd product} {ergonomic}
    uintx ReservedCodeCacheSize                    = 251658240                              {pd product} {ergonomic}
     bool SegmentedCodeCache                       = true                                      {product} {ergonomic}
     bool ShowCodeDetailsInExceptionMessages       = true                                   {manageable} {command line}
   size_t SoftMaxHeapSize                          = 4213178368                             {manageable} {ergonomic}
     bool UseCompressedOops                        = true                           {product lp64_product} {ergonomic}
     bool UseG1GC                                  = true                                      {product} {ergonomic}
     bool UseLargePagesIndividualAllocation        = false                                  {pd product} {ergonomic}

Logging:
Log output configuration:
 #0: stdout all=warning uptime,level,tags foldmultilines=false
 #1: stderr all=off uptime,level,tags foldmultilines=false

Environment Variables:
JAVA_HOME=C:\Program Files\Java\jdk-21
PATH=D:/JAP_20250317/01_JAVA/app/eclipse//plugins/org.eclipse.justj.openjdk.hotspot.jre.full.win32.x86_64_17.0.9.v20231028-0858/jre/bin/server;D:/JAP_20250317/01_JAVA/app/eclipse//plugins/org.eclipse.justj.openjdk.hotspot.jre.full.win32.x86_64_17.0.9.v20231028-0858/jre/bin;C:\Program Files\Common Files\Oracle\Java\javapath;C:\WINDOWS\system32;C:\WINDOWS;C:\WINDOWS\System32\Wbem;C:\WINDOWS\System32\WindowsPowerShell\v1.0\;C:\WINDOWS\System32\OpenSSH\;C:\Program Files\Java\jdk-21\bin;C:\Program Files\Git\cmd;C:\Users\user\AppData\Local\Microsoft\WindowsApps;;D:\JAP_20250317\01_JAVA\app\eclipse;
USERNAME=user
OS=Windows_NT
PROCESSOR_IDENTIFIER=Intel64 Family 6 Model 151 Stepping 2, GenuineIntel
TMP=C:\Users\user\AppData\Local\Temp
TEMP=C:\Users\user\AppData\Local\Temp




Periodic native trim disabled

---------------  S Y S T E M  ---------------

OS:
 Windows 11 , 64 bit Build 22621 (10.0.22621.5124)
OS uptime: 12 days 8:28 hours

CPU: total 20 (initial active 20) (10 cores per cpu, 2 threads per core) family 6 model 151 stepping 2 microcode 0x2e, cx8, cmov, fxsr, ht, mmx, 3dnowpref, sse, sse2, sse3, ssse3, sse4.1, sse4.2, popcnt, lzcnt, tsc, tscinvbit, avx, avx2, aes, erms, clmul, bmi1, bmi2, adx, sha, fma, vzeroupper, clflush, clflushopt, clwb, serialize, rdtscp, rdpid, fsrm, f16c, pku, cet_ibt, cet_ss
Processor Information for processor 0
  Max Mhz: 2100, Current Mhz: 2100, Mhz Limit: 2100
Processor Information for processor 1
  Max Mhz: 2100, Current Mhz: 2100, Mhz Limit: 2100
Processor Information for processor 2
  Max Mhz: 2100, Current Mhz: 2100, Mhz Limit: 2100
Processor Information for processor 3
  Max Mhz: 2100, Current Mhz: 2100, Mhz Limit: 2100
Processor Information for processor 4
  Max Mhz: 2100, Current Mhz: 2100, Mhz Limit: 2100
Processor Information for processor 5
  Max Mhz: 2100, Current Mhz: 2100, Mhz Limit: 2100
Processor Information for processor 6
  Max Mhz: 2100, Current Mhz: 2100, Mhz Limit: 2100
Processor Information for processor 7
  Max Mhz: 2100, Current Mhz: 2100, Mhz Limit: 2100
Processor Information for processor 8
  Max Mhz: 2100, Current Mhz: 2100, Mhz Limit: 2100
Processor Information for processor 9
  Max Mhz: 2100, Current Mhz: 2100, Mhz Limit: 2100
Processor Information for processor 10
  Max Mhz: 2100, Current Mhz: 2100, Mhz Limit: 2100
Processor Information for processor 11
  Max Mhz: 2100, Current Mhz: 2100, Mhz Limit: 2100
Processor Information for processor 12
  Max Mhz: 2100, Current Mhz: 2100, Mhz Limit: 2100
Processor Information for processor 13
  Max Mhz: 2100, Current Mhz: 2100, Mhz Limit: 2100
Processor Information for processor 14
  Max Mhz: 2100, Current Mhz: 2100, Mhz Limit: 2100
Processor Information for processor 15
  Max Mhz: 2100, Current Mhz: 2100, Mhz Limit: 2100
Processor Information for processor 16
  Max Mhz: 2100, Current Mhz: 1600, Mhz Limit: 1596
Processor Information for processor 17
  Max Mhz: 2100, Current Mhz: 1600, Mhz Limit: 1596
Processor Information for processor 18
  Max Mhz: 2100, Current Mhz: 1600, Mhz Limit: 1596
Processor Information for processor 19
  Max Mhz: 2100, Current Mhz: 1600, Mhz Limit: 1596

Memory: 4k page, system-wide physical 16068M (2312M free)
TotalPageFile size 46456M (AvailPageFile size 154M)
current process WorkingSet (physical memory assigned to process): 11M, peak: 11M
current process commit charge ("private bytes"): 75M, peak: 327M

vm_info: Java HotSpot(TM) 64-Bit Server VM (21.0.6+8-LTS-188) for windows-amd64 JRE (21.0.6+8-LTS-188), built on 2024-12-03T10:50:54Z by "mach5one" with MS VC++ 17.6 (VS2022)

END.
